2026-01-28 14:53:21 - INFO - ============================================================
2026-01-28 14:53:21 - INFO - Modo: COMPLETO
2026-01-28 14:53:21 - INFO - ============================================================
2026-01-28 14:53:21 - INFO - Tabela LY_ALUNO criada/verificada
2026-01-28 14:53:30 - INFO - Processando 896 alunos...
2026-01-28 14:53:32 - INFO - Verificando alunos obsoletos...
2026-01-28 14:53:32 - INFO - ============================================================
2026-01-28 14:53:32 - INFO - Total na API: 896
2026-01-28 14:53:32 - INFO - Matrículas atualizadas: 896
2026-01-28 14:53:32 - INFO - Novos inseridos: 0
2026-01-28 14:53:32 - INFO - Atualizados: 0
2026-01-28 14:53:32 - INFO - Erros: 896
2026-01-28 14:53:32 - INFO - Ignorados: 0
2026-01-28 14:53:32 - INFO - ============================================================
2026-01-28 14:54:13 - INFO - ============================================================
2026-01-28 14:54:13 - INFO - Modo: INCREMENTAL
2026-01-28 14:54:13 - INFO - ============================================================
2026-01-28 14:54:13 - INFO - Tabela LY_ALUNO criada/verificada
2026-01-28 14:54:22 - INFO - Processando 896 alunos...
2026-01-28 14:54:23 - INFO - ============================================================
2026-01-28 14:54:23 - INFO - Total na API: 896
2026-01-28 14:54:23 - INFO - Matrículas atualizadas: 896
2026-01-28 14:54:23 - INFO - Novos inseridos: 0
2026-01-28 14:54:23 - INFO - Atualizados: 0
2026-01-28 14:54:23 - INFO - Erros: 354
2026-01-28 14:54:23 - INFO - Ignorados: 542
2026-01-28 14:54:23 - INFO - ============================================================
2026-01-28 14:54:50 - INFO - ============================================================
2026-01-28 14:54:50 - INFO - Modo: COMPLETO
2026-01-28 14:54:50 - INFO - ============================================================
2026-01-28 14:54:50 - INFO - Tabela LY_ALUNO criada/verificada
2026-01-28 14:54:58 - INFO - Processando 896 alunos...
2026-01-28 14:55:01 - INFO - Verificando alunos obsoletos...
2026-01-28 14:55:01 - INFO - ============================================================
2026-01-28 14:55:01 - INFO - Total na API: 896
2026-01-28 14:55:01 - INFO - Matrículas atualizadas: 896
2026-01-28 14:55:01 - INFO - Novos inseridos: 0
2026-01-28 14:55:01 - INFO - Atualizados: 0
2026-01-28 14:55:01 - INFO - Erros: 896
2026-01-28 14:55:01 - INFO - Ignorados: 0
2026-01-28 14:55:01 - INFO - ============================================================
